Build started 09-04-2016 10:31:24 PM.
     1>Project "C:\Users\Admin\Desktop\MiniProj\MiniProj\MiniProj.vcxproj" on node 2 (Build target(s)).
     1>ClCompile:
         C:\Program Files (x86)\Microsoft Visual Studio 12.0\VC\bin\CL.exe /c /ZI /nologo /W3 /WX- /sdl /Od /Oy- /D _MBCS /Gm /EHsc /RTC1 /MDd /GS /fp:precise /Zc:wchar_t /Zc:forScope /Fo"Debug\\" /Fd"Debug\vc120.pdb" /Gd /TP /analyze- /errorReport:prompt Enemy.cpp
         Enemy.cpp
     1>c:\users\admin\desktop\miniproj\miniproj\enemy.cpp(18): warning C4244: '=' : conversion from 'time_t' to 'int', possible loss of data
     1>c:\users\admin\desktop\miniproj\miniproj\enemy.cpp(26): warning C4244: '=' : conversion from 'float' to 'int', possible loss of data
     1>c:\users\admin\desktop\miniproj\miniproj\enemy.cpp(46): warning C4018: '<' : signed/unsigned mismatch
     1>c:\users\admin\desktop\miniproj\miniproj\enemy.cpp(114): warning C4244: 'argument' : conversion from 'float' to 'unsigned int', possible loss of data
       Link:
         C:\Program Files (x86)\Microsoft Visual Studio 12.0\VC\bin\link.exe /ERRORREPORT:PROMPT /OUT:"C:\Users\Admin\Desktop\MiniProj\Debug\MiniProj.exe" /INCREMENTAL /NOLOGO SDL2.lib SDL2main.lib SDL2_image.lib kernel32.lib user32.lib gdi32.lib winspool.lib comdlg32.lib advapi32.lib shell32.lib ole32.lib oleaut32.lib uuid.lib odbc32.lib odbccp32.lib /MANIFEST /MANIFESTUAC:"level='asInvoker' uiAccess='false'" /manifest:embed /DEBUG /PDB:"C:\Users\Admin\Desktop\MiniProj\Debug\MiniProj.pdb" /SUBSYSTEM:CONSOLE /TLBID:1 /DYNAMICBASE /NXCOMPAT /IMPLIB:"C:\Users\Admin\Desktop\MiniProj\Debug\MiniProj.lib" /MACHINE:X86 Debug\Animation.obj
         Debug\Bomberman.obj
         Debug\Enemy.obj
         Debug\EnemyColletion.obj
         Debug\FileHandler.obj
         Debug\GenericCharacter.obj
         Debug\Image.obj
         Debug\main.obj
         Debug\MainGame.obj
         Debug\Map.obj
         Debug\Physics.obj
         Debug\Timer.obj
         MiniProj.vcxproj -> C:\Users\Admin\Desktop\MiniProj\Debug\MiniProj.exe
     1>Done Building Project "C:\Users\Admin\Desktop\MiniProj\MiniProj\MiniProj.vcxproj" (Build target(s)).

Build succeeded.

Time Elapsed 00:00:01.35
